#
# There is insufficient memory for the Java Runtime Environment to continue.
# Native memory allocation (mmap) failed to map 132120576 bytes for Failed to commit area from 0x0000000082400000 to 0x000000008a200000 of length 132120576.
# Possible reasons:
#   The system is out of physical RAM or swap space
#   The process is running with CompressedOops enabled, and the Java Heap may be blocking the growth of the native heap
# Possible solutions:
#   Reduce memory load on the system
#   Increase physical memory or swap space
#   Check if swap backing store is full
#   Decrease Java heap size (-Xmx/-Xms)
#   Decrease number of Java threads
#   Decrease Java thread stack sizes (-Xss)
#   Set larger code cache with -XX:ReservedCodeCacheSize=
# This output file may be truncated or incomplete.
#
#  Out of Memory Error (c:/BuildAgent/work/5ff2f6c26000d570/src/hotspot/os/windows/os_windows.cpp:3296), pid=14212, tid=16904
#
# JRE version:  (11.0.6+8) (build )
# Java VM: OpenJDK 64-Bit Server VM (11.0.6+8-b520.66, mixed mode, sharing, tiered, compressed oops, g1 gc, windows-amd64)
# No core dump will be written. Minidumps are not enabled by default on client versions of Windows
#

---------------  S U M M A R Y ------------

Command Line: org.jetbrains.git4idea.http.GitAskPassApp Username for 'https://gitlab.com': 

Host: Intel(R) Core(TM) i3-7100U CPU @ 2.40GHz, 4 cores, 7G,  Windows 10 , 64 bit Build 19041 (10.0.19041.662)
Time: Mon Jan  4 17:37:27 2021 GMT Standard Time elapsed time: 0 seconds (0d 0h 0m 0s)

---------------  T H R E A D  ---------------

Current thread (0x000001c22e22e000):  JavaThread "Unknown thread" [_thread_in_vm, id=16904, stack(0x000000a650f00000,0x000000a651000000)]

Stack: [0x000000a650f00000,0x000000a651000000]
Native frames: (J=compiled Java code, j=interpreted, Vv=VM code, C=native code)
V  [jvm.dll+0x5ddf9a]
V  [jvm.dll+0x710ae5]
V  [jvm.dll+0x712005]
V  [jvm.dll+0x7126b3]
V  [jvm.dll+0x23e718]
V  [jvm.dll+0x5db444]
V  [jvm.dll+0x5d0675]
V  [jvm.dll+0x2faf1b]
V  [jvm.dll+0x2fae8a]
V  [jvm.dll+0x2fad62]
V  [jvm.dll+0x2ffc36]
V  [jvm.dll+0x3484e3]
V  [jvm.dll+0x348be6]
V  [jvm.dll+0x3485e3]
V  [jvm.dll+0x2d5938]
V  [jvm.dll+0x2d6ad7]
V  [jvm.dll+0x6ef8a7]
V  [jvm.dll+0x6f109c]
V  [jvm.dll+0x355b29]
V  [jvm.dll+0x6d4a7e]
V  [jvm.dll+0x3bf053]
V  [jvm.dll+0x3c15d1]
C  [jli.dll+0x5363]
C  [ucrtbase.dll+0x214c2]
C  [KERNEL32.DLL+0x17034]
C  [ntdll.dll+0x4d0d1]


---------------  P R O C E S S  ---------------

Threads class SMR info:
_java_thread_list=0x000001c22c0451b0, length=0, elements={
}

Java Threads: ( => current thread )

Other Threads:
  0x000001c22e246800 GCTaskThread "GC Thread#0" [stack: 0x000000a651000000,0x000000a651100000] [id=5836]
  0x000001c22e278000 ConcurrentGCThread "G1 Main Marker" [stack: 0x000000a651100000,0x000000a651200000] [id=17736]
  0x000001c22e279000 ConcurrentGCThread "G1 Conc#0" [stack: 0x000000a651200000,0x000000a651300000] [id=8252]

[error occurred during error reporting (printing all threads), id 0xc0000005, EXCEPTION_ACCESS_VIOLATION (0xc0000005) at pc=0x00007ffcc93d6047]

VM state:not at safepoint (not fully initialized)

VM Mutex/Monitor currently owned by a thread:  ([mutex/lock_event])
[0x000001c22e228f50] Heap_lock - owner thread: 0x000001c22e22e000

Heap address: 0x0000000082400000, size: 2012 MB, Compressed Oops mode: Non-zero based: 0x0000000082400000
Narrow klass base: 0x0000000000000000, Narrow klass shift: 0

GC Heap History (0 events):
No events

Deoptimization events (0 events):
No events

Classes redefined (0 events):
No events

Internal exceptions (0 events):
No events

Events (2 events):
Event: 0.018 Loaded shared library C:\Program Files\JetBrains\IntelliJ IDEA 2019.3.2\jbr\bin\zip.dll
Event: 0.020 Loaded shared library C:\Program Files\JetBrains\IntelliJ IDEA 2019.3.2\jbr\bin\jimage.dll


Dynamic libraries:
0x00007ff70b820000 - 0x00007ff70b82a000 	C:\Program Files\JetBrains\IntelliJ IDEA 2019.3.2\jbr\bin\java.exe
0x00007ffd36fd0000 - 0x00007ffd371c6000 	C:\WINDOWS\SYSTEM32\ntdll.dll
0x00007ffd35140000 - 0x00007ffd351fd000 	C:\WINDOWS\System32\KERNEL32.DLL
0x00007ffd34d60000 - 0x00007ffd35029000 	C:\WINDOWS\System32\KERNELBASE.dll
0x00007ffd34710000 - 0x00007ffd34810000 	C:\WINDOWS\System32\ucrtbase.dll
0x00007ffd04120000 - 0x00007ffd04137000 	C:\Program Files\JetBrains\IntelliJ IDEA 2019.3.2\jbr\bin\VCRUNTIME140.dll
0x00007ffd1ebf0000 - 0x00007ffd1ec09000 	C:\Program Files\JetBrains\IntelliJ IDEA 2019.3.2\jbr\bin\jli.dll
0x00007ffd363d0000 - 0x00007ffd36570000 	C:\WINDOWS\System32\USER32.dll
0x00007ffd34b00000 - 0x00007ffd34b22000 	C:\WINDOWS\System32\win32u.dll
0x00007ffd35110000 - 0x00007ffd3513a000 	C:\WINDOWS\System32\GDI32.dll
0x00007ffd348c0000 - 0x00007ffd349c9000 	C:\WINDOWS\System32\gdi32full.dll
0x00007ffd34b30000 - 0x00007ffd34bcd000 	C:\WINDOWS\System32\msvcp_win.dll
0x00007ffd1f8b0000 - 0x00007ffd1fb4b000 	C:\WINDOWS\WinSxS\amd64_microsoft.windows.common-controls_6595b64144ccf1df_6.0.19041.488_none_ca04af081b815d21\COMCTL32.dll
0x00007ffd35ae0000 - 0x00007ffd35b7e000 	C:\WINDOWS\System32\msvcrt.dll
0x00007ffd36340000 - 0x00007ffd36370000 	C:\WINDOWS\System32\IMM32.DLL
0x00007ffcfcb30000 - 0x00007ffcfcbcd000 	C:\Program Files\JetBrains\IntelliJ IDEA 2019.3.2\jbr\bin\msvcp140.dll
0x00007ffcc90f0000 - 0x00007ffcc9bad000 	C:\Program Files\JetBrains\IntelliJ IDEA 2019.3.2\jbr\bin\server\jvm.dll
0x00007ffd36720000 - 0x00007ffd367cc000 	C:\WINDOWS\System32\ADVAPI32.dll
0x00007ffd356e0000 - 0x00007ffd3577c000 	C:\WINDOWS\System32\sechost.dll
0x00007ffd36570000 - 0x00007ffd3669b000 	C:\WINDOWS\System32\RPCRT4.dll
0x00007ffd35030000 - 0x00007ffd35038000 	C:\WINDOWS\System32\PSAPI.DLL
0x00007ffd25890000 - 0x00007ffd258b7000 	C:\WINDOWS\SYSTEM32\WINMM.dll
0x00007ffd21ee0000 - 0x00007ffd21ee9000 	C:\WINDOWS\SYSTEM32\WSOCK32.dll
0x00007ffd367d0000 - 0x00007ffd3683b000 	C:\WINDOWS\System32\WS2_32.dll
0x00007ffd2a460000 - 0x00007ffd2a46a000 	C:\WINDOWS\SYSTEM32\VERSION.dll
0x00007ffd32fb0000 - 0x00007ffd32fc2000 	C:\WINDOWS\SYSTEM32\kernel.appcore.dll
0x00007ffd1f700000 - 0x00007ffd1f711000 	C:\Program Files\JetBrains\IntelliJ IDEA 2019.3.2\jbr\bin\verify.dll
0x00007ffd32c80000 - 0x00007ffd32e64000 	C:\WINDOWS\SYSTEM32\DBGHELP.DLL
0x00007ffd21450000 - 0x00007ffd2147c000 	C:\WINDOWS\SYSTEM32\dbgcore.DLL
0x00007ffd34a20000 - 0x00007ffd34aa0000 	C:\WINDOWS\System32\bcryptPrimitives.dll
0x00007ffd04fc0000 - 0x00007ffd04fe9000 	C:\Program Files\JetBrains\IntelliJ IDEA 2019.3.2\jbr\bin\java.dll
0x00007ffd067f0000 - 0x00007ffd06808000 	C:\Program Files\JetBrains\IntelliJ IDEA 2019.3.2\jbr\bin\zip.dll
0x00007ffd2dc80000 - 0x00007ffd2dc8b000 	C:\Program Files\JetBrains\IntelliJ IDEA 2019.3.2\jbr\bin\jimage.dll

dbghelp: loaded successfully - version: 4.0.5 - missing functions: none
symbol engine: initialized successfully - sym options: 0x614 - pdb path: .;C:\Program Files\JetBrains\IntelliJ IDEA 2019.3.2\jbr\bin;C:\WINDOWS\SYSTEM32;C:\WINDOWS\WinSxS\amd64_microsoft.windows.common-controls_6595b64144ccf1df_6.0.19041.488_none_ca04af081b815d21;C:\Program Files\JetBrains\IntelliJ IDEA 2019.3.2\jbr\bin\server

VM Arguments:
java_command: org.jetbrains.git4idea.http.GitAskPassApp Username for 'https://gitlab.com': 
java_class_path (initial): C:/Program Files/JetBrains/IntelliJ IDEA 2019.3.2/plugins/git4idea/lib/git4idea-rt.jar;C:/Program Files/JetBrains/IntelliJ IDEA 2019.3.2/lib/xmlrpc-2.0.1.jar;C:/Program Files/JetBrains/IntelliJ IDEA 2019.3.2/lib/commons-codec-1.13.jar;C:/Program Files/JetBrains/IntelliJ IDEA 2019.3.2/lib/util.jar
Launcher Type: SUN_STANDARD

[Global flags]
     intx CICompilerCount                          = 3                                         {product} {ergonomic}
     uint ConcGCThreads                            = 1                                         {product} {ergonomic}
     uint G1ConcRefinementThreads                  = 4                                         {product} {ergonomic}
   size_t G1HeapRegionSize                         = 1048576                                   {product} {ergonomic}
    uintx GCDrainStackTargetSize                   = 64                                        {product} {ergonomic}
   size_t InitialHeapSize                          = 132120576                                 {product} {ergonomic}
   size_t MarkStackSize                            = 4194304                                   {product} {ergonomic}
   size_t MaxHeapSize                              = 2109734912                                {product} {ergonomic}
   size_t MinHeapDeltaBytes                        = 1048576                                   {product} {ergonomic}
    uintx NonNMethodCodeHeapSize                   = 5830732                                {pd product} {ergonomic}
    uintx NonProfiledCodeHeapSize                  = 122913754                              {pd product} {ergonomic}
    uintx ProfiledCodeHeapSize                     = 122913754                              {pd product} {ergonomic}
    uintx ReservedCodeCacheSize                    = 251658240                              {pd product} {ergonomic}
     bool SegmentedCodeCache                       = true                                      {product} {ergonomic}
     bool UseCompressedClassPointers               = true                                 {lp64_product} {ergonomic}
     bool UseCompressedOops                        = true                                 {lp64_product} {ergonomic}
     bool UseG1GC                                  = true                                      {product} {ergonomic}
     bool UseLargePagesIndividualAllocation        = false                                  {pd product} {ergonomic}

Logging:
Log output configuration:
 #0: stdout all=warning uptime,level,tags
 #1: stderr all=off uptime,level,tags

Environment Variables:
JAVA_HOME=C:\Program Files\Java\jdk-13.0.1
PATH=C:\Program Files\Git\mingw64\libexec\git-core;C:\Program Files\Git\mingw64\libexec\git-core;C:\Program Files\Git\mingw64\bin;C:\Program Files\Git\usr\bin;C:\Users\demps\bin;C:\Perl64\bin;C:\Users\demps\AppData\Roaming\ActiveState\bin;C:\Program Files (x86)\Intel\iCLS Client;C:\ProgramData\Oracle\Java\javapath;C:\Program Files\Intel\iCLS Client;C:\WINDOWS\system32;C:\WINDOWS;C:\WINDOWS\System32\Wbem;C:\WINDOWS\System32\WindowsPowerShell\v1.0;C:\Program Files (x86)\Intel\Intel(R) Management Engine Components\DAL;C:\Program Files\Intel\Intel(R) Management Engine Components\DAL;C:\Program Files (x86)\Intel\Intel(R) Management Engine Components\IPT;C:\Program Files\Intel\Intel(R) Management Engine Components\IPT;C:\Program Files (x86)\PharosSystems\Core;C:\WINDOWS\System32\OpenSSH;C:\Program Files (x86)\MySQL\MySQL Utilities 1.6;C:\Program Files\Intel\WiFi\bin;C:\Program Files\Common Files\Intel\WirelessCommon;C:\Program Files\nodejs;C:\Program Files (x86)\Yarn\bin;C:\Program Files\Amazon\AWSCLIV2;C:\Program Files\Git\cmd;C:\Program Files\Docker\Docker\resources\bin;C:\ProgramData\DockerDesktop\version-bin;C:\Program Files\gnuplot\bin;C:\MinGW\bin;C:\MinGW\msys\1.0\bin;C:\Program Files\Testdisk\testdisk-7.1-WIP;C:\Users\demps\AppData\Local\Microsoft\WindowsApps;C:\Program Files\Intel\WiFi\bin;C:\Program Files\Common Files\Intel\WirelessCommon;C:\Program Files\Java\jdk-13.0.1\bin;C:\Users\demps\AppData\Roaming\npm;C:\Users\demps\AppData\Local\Yarn\bin;C:\Program Files\Maven\apache-maven-3.6.3\bin;C:\Program Files\JetBrains\IntelliJ IDEA 2019.3.2\bin;C:\Users\demps\.dotnet\tools;C:\Users\demps\AppData\Local\Programs\Microsoft VS Code\bin;C:\Users\demps\AppData\Local\Microsoft\WindowsApps;C:\Users\demps\AppData\Local\Programs\MiKTeX\miktex\bin\x64
USERNAME=demps
DISPLAY=:0.0
OS=Windows_NT
PROCESSOR_IDENTIFIER=Intel64 Family 6 Model 142 Stepping 9, GenuineIntel



---------------  S Y S T E M  ---------------

OS: Windows 10 , 64 bit Build 19041 (10.0.19041.662)
HyperV virtualization detected

CPU:total 4 (initial active 4) (2 cores per cpu, 2 threads per core) family 6 model 142 stepping 9, cmov, cx8, fxsr, mmx, sse, sse2, sse3, ssse3, sse4.1, sse4.2, popcnt, avx, avx2, aes, clmul, erms, 3dnowpref, lzcnt, ht, tsc, tscinvbit, bmi1, bmi2, adx, fma

Memory: 4k page, system-wide physical 8043M (462M free)
TotalPageFile size 19155M (AvailPageFile size 111M)
current process WorkingSet (physical memory assigned to process): 9M, peak: 9M
current process commit charge ("private bytes"): 51M, peak: 177M

vm_info: OpenJDK 64-Bit Server VM (11.0.6+8-b520.66) for windows-amd64 JRE (11.0.6+8-b520.66), built on Apr 20 2020 16:47:00 by "" with MS VC++ 14.0 (VS2015)

END.
